Analysis & Synthesis report for Mastermind
Sun May 21 13:03:52 2017
Quartus Prime Version 16.1.0 Build 196 10/24/2016 SJ Lite Edition


---------------------
; Table of Contents ;
---------------------
  1. Legal Notice
  2. Analysis & Synthesis Summary
  3. Analysis & Synthesis Settings
  4. Parallel Compilation
  5. Analysis & Synthesis Source Files Read
  6. Analysis & Synthesis Resource Usage Summary
  7. Analysis & Synthesis Resource Utilization by Entity
  8. State Machine - |Mastermind|RGB3_state
  9. State Machine - |Mastermind|RGB2_state
 10. State Machine - |Mastermind|RGB1_state
 11. State Machine - |Mastermind|RGB0_state
 12. State Machine - |Mastermind|SecretCode[3]
 13. State Machine - |Mastermind|SecretCode[2]
 14. State Machine - |Mastermind|SecretCode[1]
 15. State Machine - |Mastermind|SecretCode[0]
 16. Registers Removed During Synthesis
 17. Removed Registers Triggering Further Register Optimizations
 18. General Register Statistics
 19. Multiplexer Restructuring Statistics (Restructuring Performed)
 20. Analysis & Synthesis Messages



----------------
; Legal Notice ;
----------------
Copyright (C) 2016  Intel Corporation. All rights reserved.
Your use of Intel Corporation's design tools, logic functions 
and other software and tools, and its AMPP partner logic 
functions, and any output files from any of the foregoing 
(including device programming or simulation files), and any 
associated documentation or information are expressly subject 
to the terms and conditions of the Intel Program License 
Subscription Agreement, the Intel Quartus Prime License Agreement,
the Intel MegaCore Function License Agreement, or other 
applicable license agreement, including, without limitation, 
that your use is for the sole purpose of programming logic 
devices manufactured by Intel and sold by Intel or its 
authorized distributors.  Please refer to the applicable 
agreement for further details.



+---------------------------------------------------------------------------+
; Analysis & Synthesis Summary                                              ;
+-----------------------------+---------------------------------------------+
; Analysis & Synthesis Status ; Successful - Sun May 21 13:03:52 2017       ;
; Quartus Prime Version       ; 16.1.0 Build 196 10/24/2016 SJ Lite Edition ;
; Revision Name               ; Mastermind                                  ;
; Top-level Entity Name       ; Mastermind                                  ;
; Family                      ; MAX V                                       ;
; Total logic elements        ; 140                                         ;
; Total pins                  ; 28                                          ;
; Total virtual pins          ; 0                                           ;
; UFM blocks                  ; 0 / 1 ( 0 % )                               ;
+-----------------------------+---------------------------------------------+


+----------------------------------------------------------------------------------------------------------------------+
; Analysis & Synthesis Settings                                                                                        ;
+----------------------------------------------------------------------------+--------------------+--------------------+
; Option                                                                     ; Setting            ; Default Value      ;
+----------------------------------------------------------------------------+--------------------+--------------------+
; Device                                                                     ; 5M160ZE64C5        ;                    ;
; Top-level entity name                                                      ; Mastermind         ; Mastermind         ;
; Family name                                                                ; MAX V              ; Cyclone V          ;
; Use smart compilation                                                      ; Off                ; Off                ;
; Enable parallel Assembler and TimeQuest Timing Analyzer during compilation ; On                 ; On                 ;
; Enable compact report table                                                ; Off                ; Off                ;
; Restructure Multiplexers                                                   ; Auto               ; Auto               ;
; Create Debugging Nodes for IP Cores                                        ; Off                ; Off                ;
; Preserve fewer node names                                                  ; On                 ; On                 ;
; OpenCore Plus hardware evaluation                                          ; Enable             ; Enable             ;
; Verilog Version                                                            ; Verilog_2001       ; Verilog_2001       ;
; VHDL Version                                                               ; VHDL_1993          ; VHDL_1993          ;
; State Machine Processing                                                   ; Auto               ; Auto               ;
; Safe State Machine                                                         ; Off                ; Off                ;
; Extract Verilog State Machines                                             ; On                 ; On                 ;
; Extract VHDL State Machines                                                ; On                 ; On                 ;
; Ignore Verilog initial constructs                                          ; Off                ; Off                ;
; Iteration limit for constant Verilog loops                                 ; 5000               ; 5000               ;
; Iteration limit for non-constant Verilog loops                             ; 250                ; 250                ;
; Add Pass-Through Logic to Inferred RAMs                                    ; On                 ; On                 ;
; Infer RAMs from Raw Logic                                                  ; On                 ; On                 ;
; Parallel Synthesis                                                         ; On                 ; On                 ;
; NOT Gate Push-Back                                                         ; On                 ; On                 ;
; Power-Up Don't Care                                                        ; On                 ; On                 ;
; Remove Redundant Logic Cells                                               ; Off                ; Off                ;
; Remove Duplicate Registers                                                 ; On                 ; On                 ;
; Ignore CARRY Buffers                                                       ; Off                ; Off                ;
; Ignore CASCADE Buffers                                                     ; Off                ; Off                ;
; Ignore GLOBAL Buffers                                                      ; Off                ; Off                ;
; Ignore ROW GLOBAL Buffers                                                  ; Off                ; Off                ;
; Ignore LCELL Buffers                                                       ; Off                ; Off                ;
; Ignore SOFT Buffers                                                        ; On                 ; On                 ;
; Limit AHDL Integers to 32 Bits                                             ; Off                ; Off                ;
; Optimization Technique                                                     ; Balanced           ; Balanced           ;
; Carry Chain Length                                                         ; 70                 ; 70                 ;
; Auto Carry Chains                                                          ; On                 ; On                 ;
; Auto Open-Drain Pins                                                       ; On                 ; On                 ;
; Perform WYSIWYG Primitive Resynthesis                                      ; Off                ; Off                ;
; Auto Shift Register Replacement                                            ; Auto               ; Auto               ;
; Allow Shift Register Merging across Hierarchies                            ; Auto               ; Auto               ;
; Auto Clock Enable Replacement                                              ; On                 ; On                 ;
; Allow Synchronous Control Signals                                          ; On                 ; On                 ;
; Force Use of Synchronous Clear Signals                                     ; Off                ; Off                ;
; Auto Resource Sharing                                                      ; Off                ; Off                ;
; Use LogicLock Constraints during Resource Balancing                        ; On                 ; On                 ;
; Ignore translate_off and synthesis_off directives                          ; Off                ; Off                ;
; Report Parameter Settings                                                  ; On                 ; On                 ;
; Report Source Assignments                                                  ; On                 ; On                 ;
; Report Connectivity Checks                                                 ; On                 ; On                 ;
; Ignore Maximum Fan-Out Assignments                                         ; Off                ; Off                ;
; Synchronization Register Chain Length                                      ; 2                  ; 2                  ;
; PowerPlay Power Optimization During Synthesis                              ; Normal compilation ; Normal compilation ;
; HDL message level                                                          ; Level2             ; Level2             ;
; Suppress Register Optimization Related Messages                            ; Off                ; Off                ;
; Number of Removed Registers Reported in Synthesis Report                   ; 5000               ; 5000               ;
; Number of Swept Nodes Reported in Synthesis Report                         ; 5000               ; 5000               ;
; Number of Inverted Registers Reported in Synthesis Report                  ; 100                ; 100                ;
; Clock MUX Protection                                                       ; On                 ; On                 ;
; Block Design Naming                                                        ; Auto               ; Auto               ;
; Synthesis Effort                                                           ; Auto               ; Auto               ;
; Shift Register Replacement - Allow Asynchronous Clear Signal               ; On                 ; On                 ;
; Analysis & Synthesis Message Level                                         ; Medium             ; Medium             ;
; Disable Register Merging Across Hierarchies                                ; Auto               ; Auto               ;
+----------------------------------------------------------------------------+--------------------+--------------------+


+------------------------------------------+
; Parallel Compilation                     ;
+----------------------------+-------------+
; Processors                 ; Number      ;
+----------------------------+-------------+
; Number detected on machine ; 4           ;
; Maximum allowed            ; 2           ;
;                            ;             ;
; Average used               ; 1.00        ;
; Maximum used               ; 1           ;
;                            ;             ;
; Usage by Processor         ; % Time Used ;
;     Processor 1            ; 100.0%      ;
+----------------------------+-------------+


+-----------------------------------------------------------------------------------------------------------------------------------------------------------------------------+
; Analysis & Synthesis Source Files Read                                                                                                                                      ;
+----------------------------------+-----------------+-----------------+--------------------------------------------------------------------------------------------+---------+
; File Name with User-Entered Path ; Used in Netlist ; File Type       ; File Name with Absolute Path                                                               ; Library ;
+----------------------------------+-----------------+-----------------+--------------------------------------------------------------------------------------------+---------+
; Mastermind.vhd                   ; yes             ; User VHDL File  ; C:/Users/Philippe/Documents/ULg/Quadri 2/Digital electronics/Projects/Codes/Mastermind.vhd ;         ;
+----------------------------------+-----------------+-----------------+--------------------------------------------------------------------------------------------+---------+


+----------------------------------------------------------+
; Analysis & Synthesis Resource Usage Summary              ;
+---------------------------------------------+------------+
; Resource                                    ; Usage      ;
+---------------------------------------------+------------+
; Total logic elements                        ; 140        ;
;     -- Combinational with no register       ; 89         ;
;     -- Register only                        ; 15         ;
;     -- Combinational with a register        ; 36         ;
;                                             ;            ;
; Logic element usage by number of LUT inputs ;            ;
;     -- 4 input functions                    ; 76         ;
;     -- 3 input functions                    ; 30         ;
;     -- 2 input functions                    ; 18         ;
;     -- 1 input functions                    ; 1          ;
;     -- 0 input functions                    ; 0          ;
;                                             ;            ;
; Logic elements by mode                      ;            ;
;     -- normal mode                          ; 134        ;
;     -- arithmetic mode                      ; 6          ;
;     -- qfbk mode                            ; 0          ;
;     -- register cascade mode                ; 0          ;
;     -- synchronous clear/load mode          ; 7          ;
;     -- asynchronous clear/load mode         ; 0          ;
;                                             ;            ;
; Total registers                             ; 51         ;
; Total logic cells in carry chains           ; 7          ;
; I/O pins                                    ; 28         ;
; Maximum fan-out node                        ; clk_Button ;
; Maximum fan-out                             ; 44         ;
; Total fan-out                               ; 564        ;
; Average fan-out                             ; 3.36       ;
+---------------------------------------------+------------+


+------------------------------------------------------------------------------------------------------------------------------------------------------------------------------------------------------------------------------------+
; Analysis & Synthesis Resource Utilization by Entity                                                                                                                                                                                ;
+----------------------------+-------------+--------------+------------+------+--------------+--------------+-------------------+------------------+-----------------+------------+---------------------+-------------+--------------+
; Compilation Hierarchy Node ; Logic Cells ; LC Registers ; UFM Blocks ; Pins ; Virtual Pins ; LUT-Only LCs ; Register-Only LCs ; LUT/Register LCs ; Carry Chain LCs ; Packed LCs ; Full Hierarchy Name ; Entity Name ; Library Name ;
+----------------------------+-------------+--------------+------------+------+--------------+--------------+-------------------+------------------+-----------------+------------+---------------------+-------------+--------------+
; |Mastermind                ; 140 (140)   ; 51           ; 0          ; 28   ; 0            ; 89 (89)      ; 15 (15)           ; 36 (36)          ; 7 (7)           ; 0 (0)      ; |Mastermind         ; Mastermind  ; work         ;
+----------------------------+-------------+--------------+------------+------+--------------+--------------+-------------------+------------------+-----------------+------------+---------------------+-------------+--------------+
Note: For table entries with two numbers listed, the numbers in parentheses indicate the number of resources of the given type used by the specific entity alone. The numbers listed outside of parentheses indicate the total resources of the given type used by the specific entity and all of its sub-entities in the hierarchy.


Encoding Type:  One-Hot
+------------------------------------------------------------------------+
; State Machine - |Mastermind|RGB3_state                                 ;
+------------------+-----------------+------------------+----------------+
; Name             ; RGB3_state.Blue ; RGB3_state.Green ; RGB3_state.Red ;
+------------------+-----------------+------------------+----------------+
; RGB3_state.Red   ; 0               ; 0                ; 0              ;
; RGB3_state.Green ; 0               ; 1                ; 1              ;
; RGB3_state.Blue  ; 1               ; 0                ; 1              ;
+------------------+-----------------+------------------+----------------+


Encoding Type:  One-Hot
+------------------------------------------------------------------------+
; State Machine - |Mastermind|RGB2_state                                 ;
+------------------+-----------------+------------------+----------------+
; Name             ; RGB2_state.Blue ; RGB2_state.Green ; RGB2_state.Red ;
+------------------+-----------------+------------------+----------------+
; RGB2_state.Red   ; 0               ; 0                ; 0              ;
; RGB2_state.Green ; 0               ; 1                ; 1              ;
; RGB2_state.Blue  ; 1               ; 0                ; 1              ;
+------------------+-----------------+------------------+----------------+


Encoding Type:  One-Hot
+------------------------------------------------------------------------+
; State Machine - |Mastermind|RGB1_state                                 ;
+------------------+-----------------+------------------+----------------+
; Name             ; RGB1_state.Blue ; RGB1_state.Green ; RGB1_state.Red ;
+------------------+-----------------+------------------+----------------+
; RGB1_state.Red   ; 0               ; 0                ; 0              ;
; RGB1_state.Green ; 0               ; 1                ; 1              ;
; RGB1_state.Blue  ; 1               ; 0                ; 1              ;
+------------------+-----------------+------------------+----------------+


Encoding Type:  One-Hot
+------------------------------------------------------------------------+
; State Machine - |Mastermind|RGB0_state                                 ;
+------------------+-----------------+------------------+----------------+
; Name             ; RGB0_state.Blue ; RGB0_state.Green ; RGB0_state.Red ;
+------------------+-----------------+------------------+----------------+
; RGB0_state.Red   ; 0               ; 0                ; 0              ;
; RGB0_state.Green ; 0               ; 1                ; 1              ;
; RGB0_state.Blue  ; 1               ; 0                ; 1              ;
+------------------+-----------------+------------------+----------------+


Encoding Type:  One-Hot
+------------------------------------------------------------------------------------+
; State Machine - |Mastermind|SecretCode[3]                                          ;
+---------------------+--------------------+---------------------+-------------------+
; Name                ; SecretCode[3].Blue ; SecretCode[3].Green ; SecretCode[3].Red ;
+---------------------+--------------------+---------------------+-------------------+
; SecretCode[3].Red   ; 0                  ; 0                   ; 0                 ;
; SecretCode[3].Green ; 0                  ; 1                   ; 1                 ;
; SecretCode[3].Blue  ; 1                  ; 0                   ; 1                 ;
+---------------------+--------------------+---------------------+-------------------+


Encoding Type:  One-Hot
+------------------------------------------------------------------------------------+
; State Machine - |Mastermind|SecretCode[2]                                          ;
+---------------------+--------------------+---------------------+-------------------+
; Name                ; SecretCode[2].Blue ; SecretCode[2].Green ; SecretCode[2].Red ;
+---------------------+--------------------+---------------------+-------------------+
; SecretCode[2].Red   ; 0                  ; 0                   ; 0                 ;
; SecretCode[2].Green ; 0                  ; 1                   ; 1                 ;
; SecretCode[2].Blue  ; 1                  ; 0                   ; 1                 ;
+---------------------+--------------------+---------------------+-------------------+


Encoding Type:  One-Hot
+------------------------------------------------------------------------------------+
; State Machine - |Mastermind|SecretCode[1]                                          ;
+---------------------+--------------------+---------------------+-------------------+
; Name                ; SecretCode[1].Blue ; SecretCode[1].Green ; SecretCode[1].Red ;
+---------------------+--------------------+---------------------+-------------------+
; SecretCode[1].Red   ; 0                  ; 0                   ; 0                 ;
; SecretCode[1].Green ; 0                  ; 1                   ; 1                 ;
; SecretCode[1].Blue  ; 1                  ; 0                   ; 1                 ;
+---------------------+--------------------+---------------------+-------------------+


Encoding Type:  One-Hot
+------------------------------------------------------------------------------------+
; State Machine - |Mastermind|SecretCode[0]                                          ;
+---------------------+--------------------+---------------------+-------------------+
; Name                ; SecretCode[0].Blue ; SecretCode[0].Green ; SecretCode[0].Red ;
+---------------------+--------------------+---------------------+-------------------+
; SecretCode[0].Red   ; 0                  ; 0                   ; 0                 ;
; SecretCode[0].Green ; 0                  ; 1                   ; 1                 ;
; SecretCode[0].Blue  ; 1                  ; 0                   ; 1                 ;
+---------------------+--------------------+---------------------+-------------------+


+--------------------------------------------------------------------------------+
; Registers Removed During Synthesis                                             ;
+---------------------------------------+----------------------------------------+
; Register name                         ; Reason for Removal                     ;
+---------------------------------------+----------------------------------------+
; \validation:tmpVie[2]                 ; Merged with \validation:tmpDisplay2[2] ;
; \validation:tmpVie[1]                 ; Merged with \validation:tmpDisplay2[1] ;
; \validation:tmpVie[0]                 ; Merged with \validation:tmpDisplay2[0] ;
; \validation:tmpVie[3]                 ; Merged with \validation:tmpDisplay2[3] ;
; \validation:tmpDisplay[3]             ; Stuck at GND due to stuck port data_in ;
; Segment1d~reg0                        ; Stuck at GND due to stuck port data_in ;
; Total Number of Removed Registers = 6 ;                                        ;
+---------------------------------------+----------------------------------------+


+------------------------------------------------------------------------------------------------+
; Removed Registers Triggering Further Register Optimizations                                    ;
+---------------------------+---------------------------+----------------------------------------+
; Register name             ; Reason for Removal        ; Registers Removed due to This Register ;
+---------------------------+---------------------------+----------------------------------------+
; \validation:tmpDisplay[3] ; Stuck at GND              ; Segment1d~reg0                         ;
;                           ; due to stuck port data_in ;                                        ;
+---------------------------+---------------------------+----------------------------------------+


+------------------------------------------------------+
; General Register Statistics                          ;
+----------------------------------------------+-------+
; Statistic                                    ; Value ;
+----------------------------------------------+-------+
; Total registers                              ; 51    ;
; Number of registers using Synchronous Clear  ; 1     ;
; Number of registers using Synchronous Load   ; 6     ;
; Number of registers using Asynchronous Clear ; 0     ;
; Number of registers using Asynchronous Load  ; 0     ;
; Number of registers using Clock Enable       ; 35    ;
; Number of registers using Preset             ; 0     ;
+----------------------------------------------+-------+


+------------------------------------------------------------------------------------------------------------------------------------------------------+
; Multiplexer Restructuring Statistics (Restructuring Performed)                                                                                       ;
+--------------------+-----------+---------------+----------------------+------------------------+------------+----------------------------------------+
; Multiplexer Inputs ; Bus Width ; Baseline Area ; Area if Restructured ; Saving if Restructured ; Registered ; Example Multiplexer Output             ;
+--------------------+-----------+---------------+----------------------+------------------------+------------+----------------------------------------+
; 3:1                ; 4 bits    ; 8 LEs         ; 4 LEs                ; 4 LEs                  ; Yes        ; |Mastermind|Segment2d~reg0             ;
; 3:1                ; 4 bits    ; 8 LEs         ; 4 LEs                ; 4 LEs                  ; Yes        ; |Mastermind|\validation:tmpDisplay2[1] ;
; 4:1                ; 3 bits    ; 6 LEs         ; 6 LEs                ; 0 LEs                  ; Yes        ; |Mastermind|\validation:tmpDisplay[2]  ;
; 4:1                ; 3 bits    ; 6 LEs         ; 6 LEs                ; 0 LEs                  ; No         ; |Mastermind|RGB3_state                 ;
; 4:1                ; 3 bits    ; 6 LEs         ; 6 LEs                ; 0 LEs                  ; No         ; |Mastermind|RGB2_state                 ;
; 4:1                ; 3 bits    ; 6 LEs         ; 6 LEs                ; 0 LEs                  ; No         ; |Mastermind|RGB1_state                 ;
; 4:1                ; 3 bits    ; 6 LEs         ; 6 LEs                ; 0 LEs                  ; No         ; |Mastermind|RGB0_state                 ;
; 82:1               ; 10 bits   ; 540 LEs       ; 540 LEs              ; 0 LEs                  ; No         ; |Mastermind|SecretCode                 ;
+--------------------+-----------+---------------+----------------------+------------------------+------------+----------------------------------------+


+-------------------------------+
; Analysis & Synthesis Messages ;
+-------------------------------+
Info: *******************************************************************
Info: Running Quartus Prime Analysis & Synthesis
    Info: Version 16.1.0 Build 196 10/24/2016 SJ Lite Edition
    Info: Processing started: Sun May 21 13:03:29 2017
Info: Command: quartus_map --read_settings_files=on --write_settings_files=off Mastermind -c Mastermind
Warning (18236): Number of processors has not been specified which may cause overloading on shared machines.  Set the global assignment NUM_PARALLEL_PROCESSORS in your QSF to an appropriate value for best performance.
Info (20030): Parallel compilation is enabled and will use 2 of the 2 processors detected
Info (12021): Found 2 design units, including 1 entities, in source file mastermind.vhd
    Info (12022): Found design unit 1: Mastermind-Mastermind_arch File: C:/Users/Philippe/Documents/ULg/Quadri 2/Digital electronics/Projects/Codes/Mastermind.vhd Line: 49
    Info (12023): Found entity 1: Mastermind File: C:/Users/Philippe/Documents/ULg/Quadri 2/Digital electronics/Projects/Codes/Mastermind.vhd Line: 6
Info (12021): Found 2 design units, including 1 entities, in source file testbench.vhd
    Info (12022): Found design unit 1: test_Mastermind-test_arch File: C:/Users/Philippe/Documents/ULg/Quadri 2/Digital electronics/Projects/Codes/TestBench.vhd Line: 16
    Info (12023): Found entity 1: test_Mastermind File: C:/Users/Philippe/Documents/ULg/Quadri 2/Digital electronics/Projects/Codes/TestBench.vhd Line: 13
Info (12127): Elaborating entity "Mastermind" for the top level hierarchy
Warning (13024): Output pins are stuck at VCC or GND
    Warning (13410): Pin "Segment1d" is stuck at GND File: C:/Users/Philippe/Documents/ULg/Quadri 2/Digital electronics/Projects/Codes/Mastermind.vhd Line: 39
Info (21057): Implemented 168 device resources after synthesis - the final resource count might be different
    Info (21058): Implemented 8 input pins
    Info (21059): Implemented 20 output pins
    Info (21061): Implemented 140 logic cells
Info: Quartus Prime Analysis & Synthesis was successful. 0 errors, 3 warnings
    Info: Peak virtual memory: 651 megabytes
    Info: Processing ended: Sun May 21 13:03:52 2017
    Info: Elapsed time: 00:00:23
    Info: Total CPU time (on all processors): 00:00:41


